2025-03-24 20:39:27,871 INFO: 
                ____                _       _____  ____
               / __ ) ____ _ _____ (_)_____/ ___/ / __ \
              / __  |/ __ `// ___// // ___/\__ \ / /_/ /
             / /_/ // /_/ /(__  )/ // /__ ___/ // _, _/
            /_____/ \__,_//____//_/ \___//____//_/ |_|
     ______                   __   __                 __      __
    / ____/____   ____   ____/ /  / /   __  __ _____ / /__   / /
   / / __ / __ \ / __ \ / __  /  / /   / / / // ___// //_/  / /
  / /_/ // /_/ // /_/ // /_/ /  / /___/ /_/ // /__ / /<    /_/
  \____/ \____/ \____/ \____/  /_____/\____/ \___//_/|_|  (_)
    
Version Information: 
	BasicSR: 1.4.2
	PyTorch: 2.5.1+cu118
	TorchVision: 0.20.1+cpu
2025-03-24 20:39:27,871 INFO: 
  name: finetune_RealESRGANx4v3_caratulas
  model_type: RealESRNetModel
  scale: 4
  num_gpu: 1
  manual_seed: 0
  l1_gt_usm: True
  percep_gt_usm: True
  gan_gt_usm: False
  high_order_degradation: False
  datasets:[
    train:[
      name: CaratulasDataset
      type: RealESRGANPairedDataset
      dataroot_gt: H:\MasOrange\IMAGENES\AAOptimizacion\FinetuningDataset\HR
      dataroot_lq: H:\MasOrange\IMAGENES\AAOptimizacion\FinetuningDataset\LR
      meta_info: H:\MasOrange\IMAGENES\AAOptimizacion\FinetuningDataset\meta_info_train.txt
      io_backend:[
        type: disk
      ]
      gt_size: 256
      use_hflip: True
      use_rot: False
      use_shuffle: True
      num_worker_per_gpu: 6
      batch_size_per_gpu: 8
      dataset_enlarge_ratio: 1
      prefetch_mode: None
      phase: train
      scale: 4
    ]
    val:[
      name: caratulas_val
      type: PairedImageDataset
      dataroot_gt: H:\MasOrange\IMAGENES\AAOptimizacion\FinetuningDataset\HR_val
      dataroot_lq: H:\MasOrange\IMAGENES\AAOptimizacion\FinetuningDataset\LR_val
      meta_info: H:\MasOrange\IMAGENES\AAOptimizacion\FinetuningDataset\meta_info_val.txt
      io_backend:[
        type: disk
      ]
      phase: val
      scale: 4
    ]
  ]
  network_g:[
    type: SRVGGNetCompact
    num_in_ch: 3
    num_out_ch: 3
    num_feat: 64
    num_conv: 32
    upscale: 4
    act_type: prelu
  ]
  path:[
    pretrain_network_g: experiments/pretrained_models/realesr-general-x4v3.pth
    param_key_g: params_ema
    strict_load_g: True
    resume_state: None
    experiments_root: H:\MasOrange\CUDA\Real-ESRGAN-CUDA\experiments\finetune_RealESRGANx4v3_caratulas
    models: H:\MasOrange\CUDA\Real-ESRGAN-CUDA\experiments\finetune_RealESRGANx4v3_caratulas\models
    training_states: H:\MasOrange\CUDA\Real-ESRGAN-CUDA\experiments\finetune_RealESRGANx4v3_caratulas\training_states
    log: H:\MasOrange\CUDA\Real-ESRGAN-CUDA\experiments\finetune_RealESRGANx4v3_caratulas
    visualization: H:\MasOrange\CUDA\Real-ESRGAN-CUDA\experiments\finetune_RealESRGANx4v3_caratulas\visualization
  ]
  train:[
    ema_decay: 0.999
    optim_g:[
      type: Adam
      lr: 5e-05
      weight_decay: 0
      betas: [0.9, 0.99]
    ]
    scheduler:[
      type: MultiStepLR
      milestones: [400000]
      gamma: 0.5
    ]
    total_iter: 32000
    warmup_iter: -1
    pixel_opt:[
      type: L1Loss
      loss_weight: 1.0
      reduction: mean
    ]
  ]
  val:[
    val_freq: 5000.0
    save_img: True
    metrics:[
      psnr:[
        type: calculate_psnr
        crop_border: 4
        test_y_channel: False
      ]
    ]
  ]
  logger:[
    print_freq: 100
    save_checkpoint_freq: 5000.0
    use_tb_logger: True
    wandb:[
      project: None
      resume_id: None
    ]
  ]
  dist_params:[
    backend: nccl
    port: 29500
  ]
  dist: False
  rank: 0
  world_size: 1
  auto_resume: True
  is_train: True
  root_path: H:\MasOrange\CUDA\Real-ESRGAN-CUDA

2025-03-24 20:39:27,984 INFO: Dataset [RealESRGANPairedDataset] - CaratulasDataset is built.
2025-03-24 20:39:27,984 INFO: Training statistics:
	Number of train images: 101
	Dataset enlarge ratio: 1
	Batch size per gpu: 8
	World size (gpu number): 1
	Require iter number per epoch: 13
	Total epochs: 2462; iters: 32000.
2025-03-24 20:39:27,984 INFO: Dataset [PairedImageDataset] - caratulas_val is built.
2025-03-24 20:39:27,984 INFO: Number of val images/folders in caratulas_val: 10
2025-03-24 20:39:28,002 INFO: Network [SRVGGNetCompact] is created.
2025-03-24 20:39:28,077 INFO: Network: SRVGGNetCompact, with parameters: 1,213,296
2025-03-24 20:39:28,077 INFO: SRVGGNetCompact(
  (body): ModuleList(
    (0): Conv2d(3, 64, kernel_size=(3, 3), stride=(1, 1), padding=(1, 1))
    (1): PReLU(num_parameters=64)
    (2): Conv2d(64, 64, kernel_size=(3, 3), stride=(1, 1), padding=(1, 1))
    (3): PReLU(num_parameters=64)
    (4): Conv2d(64, 64, kernel_size=(3, 3), stride=(1, 1), padding=(1, 1))
    (5): PReLU(num_parameters=64)
    (6): Conv2d(64, 64, kernel_size=(3, 3), stride=(1, 1), padding=(1, 1))
    (7): PReLU(num_parameters=64)
    (8): Conv2d(64, 64, kernel_size=(3, 3), stride=(1, 1), padding=(1, 1))
    (9): PReLU(num_parameters=64)
    (10): Conv2d(64, 64, kernel_size=(3, 3), stride=(1, 1), padding=(1, 1))
    (11): PReLU(num_parameters=64)
    (12): Conv2d(64, 64, kernel_size=(3, 3), stride=(1, 1), padding=(1, 1))
    (13): PReLU(num_parameters=64)
    (14): Conv2d(64, 64, kernel_size=(3, 3), stride=(1, 1), padding=(1, 1))
    (15): PReLU(num_parameters=64)
    (16): Conv2d(64, 64, kernel_size=(3, 3), stride=(1, 1), padding=(1, 1))
    (17): PReLU(num_parameters=64)
    (18): Conv2d(64, 64, kernel_size=(3, 3), stride=(1, 1), padding=(1, 1))
    (19): PReLU(num_parameters=64)
    (20): Conv2d(64, 64, kernel_size=(3, 3), stride=(1, 1), padding=(1, 1))
    (21): PReLU(num_parameters=64)
    (22): Conv2d(64, 64, kernel_size=(3, 3), stride=(1, 1), padding=(1, 1))
    (23): PReLU(num_parameters=64)
    (24): Conv2d(64, 64, kernel_size=(3, 3), stride=(1, 1), padding=(1, 1))
    (25): PReLU(num_parameters=64)
    (26): Conv2d(64, 64, kernel_size=(3, 3), stride=(1, 1), padding=(1, 1))
    (27): PReLU(num_parameters=64)
    (28): Conv2d(64, 64, kernel_size=(3, 3), stride=(1, 1), padding=(1, 1))
    (29): PReLU(num_parameters=64)
    (30): Conv2d(64, 64, kernel_size=(3, 3), stride=(1, 1), padding=(1, 1))
    (31): PReLU(num_parameters=64)
    (32): Conv2d(64, 64, kernel_size=(3, 3), stride=(1, 1), padding=(1, 1))
    (33): PReLU(num_parameters=64)
    (34): Conv2d(64, 64, kernel_size=(3, 3), stride=(1, 1), padding=(1, 1))
    (35): PReLU(num_parameters=64)
    (36): Conv2d(64, 64, kernel_size=(3, 3), stride=(1, 1), padding=(1, 1))
    (37): PReLU(num_parameters=64)
    (38): Conv2d(64, 64, kernel_size=(3, 3), stride=(1, 1), padding=(1, 1))
    (39): PReLU(num_parameters=64)
    (40): Conv2d(64, 64, kernel_size=(3, 3), stride=(1, 1), padding=(1, 1))
    (41): PReLU(num_parameters=64)
    (42): Conv2d(64, 64, kernel_size=(3, 3), stride=(1, 1), padding=(1, 1))
    (43): PReLU(num_parameters=64)
    (44): Conv2d(64, 64, kernel_size=(3, 3), stride=(1, 1), padding=(1, 1))
    (45): PReLU(num_parameters=64)
    (46): Conv2d(64, 64, kernel_size=(3, 3), stride=(1, 1), padding=(1, 1))
    (47): PReLU(num_parameters=64)
    (48): Conv2d(64, 64, kernel_size=(3, 3), stride=(1, 1), padding=(1, 1))
    (49): PReLU(num_parameters=64)
    (50): Conv2d(64, 64, kernel_size=(3, 3), stride=(1, 1), padding=(1, 1))
    (51): PReLU(num_parameters=64)
    (52): Conv2d(64, 64, kernel_size=(3, 3), stride=(1, 1), padding=(1, 1))
    (53): PReLU(num_parameters=64)
    (54): Conv2d(64, 64, kernel_size=(3, 3), stride=(1, 1), padding=(1, 1))
    (55): PReLU(num_parameters=64)
    (56): Conv2d(64, 64, kernel_size=(3, 3), stride=(1, 1), padding=(1, 1))
    (57): PReLU(num_parameters=64)
    (58): Conv2d(64, 64, kernel_size=(3, 3), stride=(1, 1), padding=(1, 1))
    (59): PReLU(num_parameters=64)
    (60): Conv2d(64, 64, kernel_size=(3, 3), stride=(1, 1), padding=(1, 1))
    (61): PReLU(num_parameters=64)
    (62): Conv2d(64, 64, kernel_size=(3, 3), stride=(1, 1), padding=(1, 1))
    (63): PReLU(num_parameters=64)
    (64): Conv2d(64, 64, kernel_size=(3, 3), stride=(1, 1), padding=(1, 1))
    (65): PReLU(num_parameters=64)
    (66): Conv2d(64, 48, kernel_size=(3, 3), stride=(1, 1), padding=(1, 1))
  )
  (upsampler): PixelShuffle(upscale_factor=4)
)
2025-03-24 20:39:28,077 INFO: Loading: params_ema does not exist, use params.
2025-03-24 20:39:28,077 INFO: Loading SRVGGNetCompact model from experiments/pretrained_models/realesr-general-x4v3.pth, with param key: [params].
2025-03-24 20:39:28,093 INFO: Use Exponential Moving Average with decay: 0.999
2025-03-24 20:39:28,093 INFO: Network [SRVGGNetCompact] is created.
2025-03-24 20:39:28,110 INFO: Loading: params_ema does not exist, use params.
2025-03-24 20:39:28,110 INFO: Loading SRVGGNetCompact model from experiments/pretrained_models/realesr-general-x4v3.pth, with param key: [params].
2025-03-24 20:39:28,116 INFO: Loss [L1Loss] is created.
2025-03-24 20:39:28,123 INFO: Model [RealESRNetModel] is created.
2025-03-24 20:39:43,155 INFO: Start training from epoch: 0, iter: 0
2025-03-24 20:42:09,855 INFO: [finet..][epoch:  8, iter:     100, lr:(5.000e-05,)] [eta: 11:17:13, time (data): 1.467 (1.411)] l_pix: 4.9376e-02 
2025-03-24 20:44:19,089 INFO: [finet..][epoch: 16, iter:     200, lr:(5.000e-05,)] [eta: 11:19:58, time (data): 1.380 (1.335)] l_pix: 5.0757e-02 
2025-03-24 20:46:28,523 INFO: [finet..][epoch: 24, iter:     300, lr:(5.000e-05,)] [eta: 11:19:49, time (data): 1.307 (1.269)] l_pix: 3.5422e-02 
2025-03-24 20:48:54,738 INFO: [finet..][epoch: 33, iter:     400, lr:(5.000e-05,)] [eta: 11:40:43, time (data): 1.385 (1.347)] l_pix: 4.1639e-02 
2025-03-24 20:51:05,362 INFO: [finet..][epoch: 41, iter:     500, lr:(5.000e-05,)] [eta: 11:35:57, time (data): 1.332 (1.297)] l_pix: 4.3436e-02 
2025-03-24 20:53:14,721 INFO: [finet..][epoch: 49, iter:     600, lr:(5.000e-05,)] [eta: 11:30:57, time (data): 1.313 (1.277)] l_pix: 3.7171e-02 
2025-03-24 20:55:39,531 INFO: [finet..][epoch: 58, iter:     700, lr:(5.000e-05,)] [eta: 11:38:15, time (data): 1.327 (1.294)] l_pix: 5.1340e-02 
2025-03-24 20:57:48,043 INFO: [finet..][epoch: 66, iter:     800, lr:(5.000e-05,)] [eta: 11:32:33, time (data): 1.306 (1.273)] l_pix: 4.5476e-02 
2025-03-24 20:59:56,244 INFO: [finet..][epoch: 74, iter:     900, lr:(5.000e-05,)] [eta: 11:27:28, time (data): 1.335 (1.302)] l_pix: 4.2534e-02 
2025-03-24 21:02:21,086 INFO: [finet..][epoch: 83, iter:   1,000, lr:(5.000e-05,)] [eta: 11:31:33, time (data): 1.393 (1.358)] l_pix: 4.2760e-02 
2025-03-24 21:04:30,288 INFO: [finet..][epoch: 91, iter:   1,100, lr:(5.000e-05,)] [eta: 11:27:09, time (data): 1.359 (1.324)] l_pix: 4.2804e-02 
2025-03-24 21:06:38,910 INFO: [finet..][epoch: 99, iter:   1,200, lr:(5.000e-05,)] [eta: 11:22:52, time (data): 1.322 (1.288)] l_pix: 6.0617e-02 
2025-03-24 21:09:03,349 INFO: [finet..][epoch:108, iter:   1,300, lr:(5.000e-05,)] [eta: 11:25:08, time (data): 1.366 (1.331)] l_pix: 4.8399e-02 
2025-03-24 21:11:12,126 INFO: [finet..][epoch:116, iter:   1,400, lr:(5.000e-05,)] [eta: 11:21:02, time (data): 1.326 (1.292)] l_pix: 3.7601e-02 
2025-03-24 21:13:20,983 INFO: [finet..][epoch:124, iter:   1,500, lr:(5.000e-05,)] [eta: 11:17:13, time (data): 1.214 (1.182)] l_pix: 5.0922e-02 
2025-03-24 21:15:46,012 INFO: [finet..][epoch:133, iter:   1,600, lr:(5.000e-05,)] [eta: 11:18:44, time (data): 1.336 (1.302)] l_pix: 4.2494e-02 
2025-03-24 21:17:54,655 INFO: [finet..][epoch:141, iter:   1,700, lr:(5.000e-05,)] [eta: 11:14:55, time (data): 1.397 (1.365)] l_pix: 4.3444e-02 
2025-03-24 21:20:03,854 INFO: [finet..][epoch:149, iter:   1,800, lr:(5.000e-05,)] [eta: 11:11:27, time (data): 1.342 (1.309)] l_pix: 4.4944e-02 
2025-03-24 21:22:28,910 INFO: [finet..][epoch:158, iter:   1,900, lr:(5.000e-05,)] [eta: 11:12:18, time (data): 1.416 (1.379)] l_pix: 5.5839e-02 
2025-03-24 21:24:37,541 INFO: [finet..][epoch:166, iter:   2,000, lr:(5.000e-05,)] [eta: 11:08:43, time (data): 1.348 (1.313)] l_pix: 4.1807e-02 
2025-03-24 21:26:46,754 INFO: [finet..][epoch:174, iter:   2,100, lr:(5.000e-05,)] [eta: 11:05:25, time (data): 1.257 (1.223)] l_pix: 4.8973e-02 
2025-03-24 21:29:11,974 INFO: [finet..][epoch:183, iter:   2,200, lr:(5.000e-05,)] [eta: 11:05:50, time (data): 1.360 (1.324)] l_pix: 4.7774e-02 
2025-03-24 21:31:21,154 INFO: [finet..][epoch:191, iter:   2,300, lr:(5.000e-05,)] [eta: 11:02:32, time (data): 1.270 (1.237)] l_pix: 3.2699e-02 
2025-03-24 21:33:30,418 INFO: [finet..][epoch:199, iter:   2,400, lr:(5.000e-05,)] [eta: 10:59:22, time (data): 1.282 (1.248)] l_pix: 4.5284e-02 
2025-03-24 21:35:55,260 INFO: [finet..][epoch:208, iter:   2,500, lr:(5.000e-05,)] [eta: 10:59:20, time (data): 1.462 (1.426)] l_pix: 5.4188e-02 
2025-03-24 21:38:04,255 INFO: [finet..][epoch:216, iter:   2,600, lr:(5.000e-05,)] [eta: 10:56:08, time (data): 1.371 (1.336)] l_pix: 4.1801e-02 
2025-03-24 21:40:13,643 INFO: [finet..][epoch:224, iter:   2,700, lr:(5.000e-05,)] [eta: 10:53:05, time (data): 1.301 (1.265)] l_pix: 3.9098e-02 
2025-03-24 21:42:38,742 INFO: [finet..][epoch:233, iter:   2,800, lr:(5.000e-05,)] [eta: 10:52:50, time (data): 1.381 (1.345)] l_pix: 4.0422e-02 
2025-03-24 21:44:48,139 INFO: [finet..][epoch:241, iter:   2,900, lr:(5.000e-05,)] [eta: 10:49:48, time (data): 1.314 (1.280)] l_pix: 4.4925e-02 
2025-03-24 21:46:57,141 INFO: [finet..][epoch:249, iter:   3,000, lr:(5.000e-05,)] [eta: 10:46:46, time (data): 1.301 (1.267)] l_pix: 5.2047e-02 
2025-03-24 21:49:21,791 INFO: [finet..][epoch:258, iter:   3,100, lr:(5.000e-05,)] [eta: 10:46:13, time (data): 1.324 (1.291)] l_pix: 4.7571e-02 
2025-03-24 21:51:30,223 INFO: [finet..][epoch:266, iter:   3,200, lr:(5.000e-05,)] [eta: 10:43:07, time (data): 1.303 (1.270)] l_pix: 5.6799e-02 
2025-03-24 21:53:39,053 INFO: [finet..][epoch:274, iter:   3,300, lr:(5.000e-05,)] [eta: 10:40:08, time (data): 1.341 (1.305)] l_pix: 3.0328e-02 
2025-03-24 21:56:03,867 INFO: [finet..][epoch:283, iter:   3,400, lr:(5.000e-05,)] [eta: 10:39:27, time (data): 1.399 (1.362)] l_pix: 4.4493e-02 
2025-03-24 21:58:12,685 INFO: [finet..][epoch:291, iter:   3,500, lr:(5.000e-05,)] [eta: 10:36:29, time (data): 1.357 (1.321)] l_pix: 4.6881e-02 
2025-03-24 22:00:21,670 INFO: [finet..][epoch:299, iter:   3,600, lr:(5.000e-05,)] [eta: 10:33:36, time (data): 1.320 (1.285)] l_pix: 4.7725e-02 
2025-03-24 22:02:45,935 INFO: [finet..][epoch:308, iter:   3,700, lr:(5.000e-05,)] [eta: 10:32:41, time (data): 1.367 (1.332)] l_pix: 4.6460e-02 
2025-03-24 22:04:54,554 INFO: [finet..][epoch:316, iter:   3,800, lr:(5.000e-05,)] [eta: 10:29:46, time (data): 1.323 (1.288)] l_pix: 5.3003e-02 
2025-03-24 22:07:03,018 INFO: [finet..][epoch:324, iter:   3,900, lr:(5.000e-05,)] [eta: 10:26:52, time (data): 1.192 (1.161)] l_pix: 3.9114e-02 
2025-03-24 22:09:27,420 INFO: [finet..][epoch:333, iter:   4,000, lr:(5.000e-05,)] [eta: 10:25:52, time (data): 1.331 (1.297)] l_pix: 4.0523e-02 
2025-03-24 22:11:36,783 INFO: [finet..][epoch:341, iter:   4,100, lr:(5.000e-05,)] [eta: 10:23:06, time (data): 1.414 (1.374)] l_pix: 5.1858e-02 
2025-03-24 22:13:45,259 INFO: [finet..][epoch:349, iter:   4,200, lr:(5.000e-05,)] [eta: 10:20:15, time (data): 1.342 (1.305)] l_pix: 6.2593e-02 
2025-03-24 22:16:09,688 INFO: [finet..][epoch:358, iter:   4,300, lr:(5.000e-05,)] [eta: 10:19:09, time (data): 1.421 (1.384)] l_pix: 3.9314e-02 
2025-03-24 22:18:17,719 INFO: [finet..][epoch:366, iter:   4,400, lr:(5.000e-05,)] [eta: 10:16:17, time (data): 1.342 (1.307)] l_pix: 3.3911e-02 
2025-03-24 22:20:26,762 INFO: [finet..][epoch:374, iter:   4,500, lr:(5.000e-05,)] [eta: 10:13:33, time (data): 1.243 (1.210)] l_pix: 5.3291e-02 
2025-03-24 22:22:51,173 INFO: [finet..][epoch:383, iter:   4,600, lr:(5.000e-05,)] [eta: 10:12:22, time (data): 1.356 (1.322)] l_pix: 4.5234e-02 
2025-03-24 22:24:59,791 INFO: [finet..][epoch:391, iter:   4,700, lr:(5.000e-05,)] [eta: 10:09:36, time (data): 1.253 (1.219)] l_pix: 4.8190e-02 
2025-03-24 22:27:08,234 INFO: [finet..][epoch:399, iter:   4,800, lr:(5.000e-05,)] [eta: 10:06:50, time (data): 1.271 (1.237)] l_pix: 4.6852e-02 
2025-03-24 22:29:32,836 INFO: [finet..][epoch:408, iter:   4,900, lr:(5.000e-05,)] [eta: 10:05:36, time (data): 1.477 (1.439)] l_pix: 3.1332e-02 
2025-03-24 22:31:41,269 INFO: [finet..][epoch:416, iter:   5,000, lr:(5.000e-05,)] [eta: 10:02:51, time (data): 1.367 (1.331)] l_pix: 5.2122e-02 
2025-03-24 22:31:41,269 INFO: Saving models and training states.
2025-03-24 22:32:10,237 INFO: Validation caratulas_val
	 # psnr: 21.8008	Best: 21.8008 @ 5000 iter

2025-03-24 22:34:19,244 INFO: [finet..][epoch:424, iter:   5,100, lr:(5.000e-05,)] [eta: 10:02:44, time (data): 1.291 (1.256)] l_pix: 3.6224e-02 
2025-03-24 22:36:43,502 INFO: [finet..][epoch:433, iter:   5,200, lr:(5.000e-05,)] [eta: 10:01:20, time (data): 1.377 (1.341)] l_pix: 5.0009e-02 
2025-03-24 22:38:51,735 INFO: [finet..][epoch:441, iter:   5,300, lr:(5.000e-05,)] [eta: 9:58:33, time (data): 1.300 (1.265)] l_pix: 4.4218e-02 
2025-03-24 22:40:59,960 INFO: [finet..][epoch:449, iter:   5,400, lr:(5.000e-05,)] [eta: 9:55:48, time (data): 1.290 (1.257)] l_pix: 5.2179e-02 
2025-03-24 22:43:24,787 INFO: [finet..][epoch:458, iter:   5,500, lr:(5.000e-05,)] [eta: 9:54:23, time (data): 1.323 (1.287)] l_pix: 4.8795e-02 
2025-03-24 22:45:33,761 INFO: [finet..][epoch:466, iter:   5,600, lr:(5.000e-05,)] [eta: 9:51:42, time (data): 1.304 (1.269)] l_pix: 4.3243e-02 
2025-03-24 22:47:42,851 INFO: [finet..][epoch:474, iter:   5,700, lr:(5.000e-05,)] [eta: 9:49:03, time (data): 1.345 (1.307)] l_pix: 5.5975e-02 
2025-03-24 22:50:07,256 INFO: [finet..][epoch:483, iter:   5,800, lr:(5.000e-05,)] [eta: 9:47:34, time (data): 1.402 (1.366)] l_pix: 4.8693e-02 
2025-03-24 22:52:15,891 INFO: [finet..][epoch:491, iter:   5,900, lr:(5.000e-05,)] [eta: 9:44:53, time (data): 1.355 (1.322)] l_pix: 6.2315e-02 
2025-03-24 22:54:24,338 INFO: [finet..][epoch:499, iter:   6,000, lr:(5.000e-05,)] [eta: 9:42:13, time (data): 1.314 (1.281)] l_pix: 4.7577e-02 
2025-03-24 22:56:48,935 INFO: [finet..][epoch:508, iter:   6,100, lr:(5.000e-05,)] [eta: 9:40:42, time (data): 1.379 (1.344)] l_pix: 3.6757e-02 
2025-03-24 22:58:57,756 INFO: [finet..][epoch:516, iter:   6,200, lr:(5.000e-05,)] [eta: 9:38:03, time (data): 1.326 (1.291)] l_pix: 4.1340e-02 
2025-03-24 23:01:06,545 INFO: [finet..][epoch:524, iter:   6,300, lr:(5.000e-05,)] [eta: 9:35:26, time (data): 1.169 (1.137)] l_pix: 5.2652e-02 
2025-03-24 23:03:30,924 INFO: [finet..][epoch:533, iter:   6,400, lr:(5.000e-05,)] [eta: 9:33:52, time (data): 1.332 (1.296)] l_pix: 5.2481e-02 
2025-03-24 23:05:39,617 INFO: [finet..][epoch:541, iter:   6,500, lr:(5.000e-05,)] [eta: 9:31:14, time (data): 1.417 (1.381)] l_pix: 4.4495e-02 
2025-03-24 23:07:48,672 INFO: [finet..][epoch:549, iter:   6,600, lr:(5.000e-05,)] [eta: 9:28:39, time (data): 1.342 (1.306)] l_pix: 4.2384e-02 
2025-03-24 23:10:13,288 INFO: [finet..][epoch:558, iter:   6,700, lr:(5.000e-05,)] [eta: 9:27:04, time (data): 1.438 (1.402)] l_pix: 3.4448e-02 
2025-03-24 23:12:21,722 INFO: [finet..][epoch:566, iter:   6,800, lr:(5.000e-05,)] [eta: 9:24:27, time (data): 1.346 (1.312)] l_pix: 3.8700e-02 
2025-03-24 23:14:30,113 INFO: [finet..][epoch:574, iter:   6,900, lr:(5.000e-05,)] [eta: 9:21:51, time (data): 1.216 (1.183)] l_pix: 4.1079e-02 
2025-03-24 23:16:54,958 INFO: [finet..][epoch:583, iter:   7,000, lr:(5.000e-05,)] [eta: 9:20:14, time (data): 1.356 (1.321)] l_pix: 4.4948e-02 
2025-03-24 23:19:03,769 INFO: [finet..][epoch:591, iter:   7,100, lr:(5.000e-05,)] [eta: 9:17:40, time (data): 1.241 (1.204)] l_pix: 3.4192e-02 
2025-03-24 23:21:12,819 INFO: [finet..][epoch:599, iter:   7,200, lr:(5.000e-05,)] [eta: 9:15:07, time (data): 1.271 (1.234)] l_pix: 3.9857e-02 
2025-03-24 23:23:37,166 INFO: [finet..][epoch:608, iter:   7,300, lr:(5.000e-05,)] [eta: 9:13:27, time (data): 1.503 (1.466)] l_pix: 4.8231e-02 
2025-03-24 23:25:45,450 INFO: [finet..][epoch:616, iter:   7,400, lr:(5.000e-05,)] [eta: 9:10:52, time (data): 1.369 (1.334)] l_pix: 3.7836e-02 
2025-03-24 23:27:53,838 INFO: [finet..][epoch:624, iter:   7,500, lr:(5.000e-05,)] [eta: 9:08:18, time (data): 1.273 (1.239)] l_pix: 3.8069e-02 
2025-03-24 23:30:18,211 INFO: [finet..][epoch:633, iter:   7,600, lr:(5.000e-05,)] [eta: 9:06:36, time (data): 1.378 (1.343)] l_pix: 5.2226e-02 
2025-03-24 23:32:26,725 INFO: [finet..][epoch:641, iter:   7,700, lr:(5.000e-05,)] [eta: 9:04:03, time (data): 1.293 (1.257)] l_pix: 4.2824e-02 
2025-03-24 23:34:35,321 INFO: [finet..][epoch:649, iter:   7,800, lr:(5.000e-05,)] [eta: 9:01:31, time (data): 1.289 (1.255)] l_pix: 3.7808e-02 
2025-03-24 23:37:00,190 INFO: [finet..][epoch:658, iter:   7,900, lr:(5.000e-05,)] [eta: 8:59:49, time (data): 1.321 (1.284)] l_pix: 5.8431e-02 
2025-03-24 23:39:08,405 INFO: [finet..][epoch:666, iter:   8,000, lr:(5.000e-05,)] [eta: 8:57:16, time (data): 1.297 (1.263)] l_pix: 4.5458e-02 
2025-03-24 23:41:16,646 INFO: [finet..][epoch:674, iter:   8,100, lr:(5.000e-05,)] [eta: 8:54:43, time (data): 1.337 (1.303)] l_pix: 4.4577e-02 
2025-03-24 23:43:41,046 INFO: [finet..][epoch:683, iter:   8,200, lr:(5.000e-05,)] [eta: 8:52:59, time (data): 1.404 (1.368)] l_pix: 4.8388e-02 
2025-03-24 23:45:49,900 INFO: [finet..][epoch:691, iter:   8,300, lr:(5.000e-05,)] [eta: 8:50:29, time (data): 1.362 (1.327)] l_pix: 3.8706e-02 
2025-03-24 23:47:58,897 INFO: [finet..][epoch:699, iter:   8,400, lr:(5.000e-05,)] [eta: 8:47:59, time (data): 1.317 (1.281)] l_pix: 5.5268e-02 
2025-03-24 23:50:24,145 INFO: [finet..][epoch:708, iter:   8,500, lr:(5.000e-05,)] [eta: 8:46:16, time (data): 1.392 (1.356)] l_pix: 3.7861e-02 
2025-03-24 23:52:32,973 INFO: [finet..][epoch:716, iter:   8,600, lr:(5.000e-05,)] [eta: 8:43:46, time (data): 1.326 (1.291)] l_pix: 4.5354e-02 
2025-03-24 23:54:41,797 INFO: [finet..][epoch:724, iter:   8,700, lr:(5.000e-05,)] [eta: 8:41:17, time (data): 1.132 (1.100)] l_pix: 5.2164e-02 
2025-03-24 23:57:06,626 INFO: [finet..][epoch:733, iter:   8,800, lr:(5.000e-05,)] [eta: 8:39:31, time (data): 1.333 (1.298)] l_pix: 4.1443e-02 
2025-03-24 23:59:15,583 INFO: [finet..][epoch:741, iter:   8,900, lr:(5.000e-05,)] [eta: 8:37:02, time (data): 1.437 (1.400)] l_pix: 3.5740e-02 
2025-03-25 00:01:24,653 INFO: [finet..][epoch:749, iter:   9,000, lr:(5.000e-05,)] [eta: 8:34:35, time (data): 1.343 (1.308)] l_pix: 4.6372e-02 
2025-03-25 00:03:49,079 INFO: [finet..][epoch:758, iter:   9,100, lr:(5.000e-05,)] [eta: 8:32:46, time (data): 1.454 (1.418)] l_pix: 4.3587e-02 
2025-03-25 00:05:57,914 INFO: [finet..][epoch:766, iter:   9,200, lr:(5.000e-05,)] [eta: 8:30:18, time (data): 1.347 (1.313)] l_pix: 3.6835e-02 
2025-03-25 00:08:06,522 INFO: [finet..][epoch:774, iter:   9,300, lr:(5.000e-05,)] [eta: 8:27:50, time (data): 1.190 (1.155)] l_pix: 4.4524e-02 
2025-03-25 00:10:30,555 INFO: [finet..][epoch:783, iter:   9,400, lr:(5.000e-05,)] [eta: 8:25:59, time (data): 1.353 (1.318)] l_pix: 4.6057e-02 
2025-03-25 00:12:39,145 INFO: [finet..][epoch:791, iter:   9,500, lr:(5.000e-05,)] [eta: 8:23:31, time (data): 1.212 (1.176)] l_pix: 4.2060e-02 
2025-03-25 00:14:47,767 INFO: [finet..][epoch:799, iter:   9,600, lr:(5.000e-05,)] [eta: 8:21:04, time (data): 1.260 (1.226)] l_pix: 4.4574e-02 
2025-03-25 00:17:12,346 INFO: [finet..][epoch:808, iter:   9,700, lr:(5.000e-05,)] [eta: 8:19:13, time (data): 1.542 (1.507)] l_pix: 5.2279e-02 
2025-03-25 00:19:21,055 INFO: [finet..][epoch:816, iter:   9,800, lr:(5.000e-05,)] [eta: 8:16:46, time (data): 1.374 (1.340)] l_pix: 3.1045e-02 
2025-03-25 00:21:47,105 INFO: [finet..][epoch:824, iter:   9,900, lr:(5.000e-05,)] [eta: 8:14:58, time (data): 1.460 (1.425)] l_pix: 3.8795e-02 
2025-03-25 00:24:13,694 INFO: [finet..][epoch:833, iter:  10,000, lr:(5.000e-05,)] [eta: 8:13:11, time (data): 1.464 (1.429)] l_pix: 3.0759e-02 
2025-03-25 00:24:13,694 INFO: Saving models and training states.
2025-03-25 00:24:15,566 INFO: Validation caratulas_val
	 # psnr: 21.7552	Best: 21.8008 @ 5000 iter

2025-03-25 00:26:26,942 INFO: [finet..][epoch:841, iter:  10,100, lr:(5.000e-05,)] [eta: 8:10:53, time (data): 1.313 (1.276)] l_pix: 4.3381e-02 
2025-03-25 00:28:37,736 INFO: [finet..][epoch:849, iter:  10,200, lr:(5.000e-05,)] [eta: 8:08:31, time (data): 1.309 (1.276)] l_pix: 4.4086e-02 
2025-03-25 00:31:24,481 INFO: [finet..][epoch:858, iter:  10,300, lr:(5.000e-05,)] [eta: 8:07:25, time (data): 1.735 (1.696)] l_pix: 4.3641e-02 
2025-03-25 00:33:34,829 INFO: [finet..][epoch:866, iter:  10,400, lr:(5.000e-05,)] [eta: 8:05:01, time (data): 1.445 (1.410)] l_pix: 4.6529e-02 
2025-03-25 00:35:45,811 INFO: [finet..][epoch:874, iter:  10,500, lr:(5.000e-05,)] [eta: 8:02:38, time (data): 1.366 (1.328)] l_pix: 3.3091e-02 
2025-03-25 00:38:12,632 INFO: [finet..][epoch:883, iter:  10,600, lr:(5.000e-05,)] [eta: 8:00:48, time (data): 1.435 (1.397)] l_pix: 3.4796e-02 
2025-03-25 00:40:22,879 INFO: [finet..][epoch:891, iter:  10,700, lr:(5.000e-05,)] [eta: 7:58:24, time (data): 1.382 (1.348)] l_pix: 5.2884e-02 
2025-03-25 00:42:33,292 INFO: [finet..][epoch:899, iter:  10,800, lr:(5.000e-05,)] [eta: 7:56:01, time (data): 1.329 (1.294)] l_pix: 3.9591e-02 
2025-03-25 00:45:00,320 INFO: [finet..][epoch:908, iter:  10,900, lr:(5.000e-05,)] [eta: 7:54:10, time (data): 1.422 (1.384)] l_pix: 3.7514e-02 
2025-03-25 00:47:11,158 INFO: [finet..][epoch:916, iter:  11,000, lr:(5.000e-05,)] [eta: 7:51:47, time (data): 1.344 (1.308)] l_pix: 4.2543e-02 
2025-03-25 00:49:22,156 INFO: [finet..][epoch:924, iter:  11,100, lr:(5.000e-05,)] [eta: 7:49:25, time (data): 1.092 (1.061)] l_pix: 3.6272e-02 
2025-03-25 00:51:49,509 INFO: [finet..][epoch:933, iter:  11,200, lr:(5.000e-05,)] [eta: 7:47:34, time (data): 1.355 (1.320)] l_pix: 4.5577e-02 
2025-03-25 00:54:00,823 INFO: [finet..][epoch:941, iter:  11,300, lr:(5.000e-05,)] [eta: 7:45:13, time (data): 1.489 (1.455)] l_pix: 4.5981e-02 
2025-03-25 00:56:11,428 INFO: [finet..][epoch:949, iter:  11,400, lr:(5.000e-05,)] [eta: 7:42:50, time (data): 1.362 (1.328)] l_pix: 4.3710e-02 
2025-03-25 00:58:38,861 INFO: [finet..][epoch:958, iter:  11,500, lr:(5.000e-05,)] [eta: 7:40:58, time (data): 1.524 (1.486)] l_pix: 5.0303e-02 
2025-03-25 01:00:49,880 INFO: [finet..][epoch:966, iter:  11,600, lr:(5.000e-05,)] [eta: 7:38:36, time (data): 1.374 (1.339)] l_pix: 2.8718e-02 
2025-03-25 01:03:01,115 INFO: [finet..][epoch:974, iter:  11,700, lr:(5.000e-05,)] [eta: 7:36:15, time (data): 1.174 (1.142)] l_pix: 4.0166e-02 
2025-03-25 01:05:28,136 INFO: [finet..][epoch:983, iter:  11,800, lr:(5.000e-05,)] [eta: 7:34:21, time (data): 1.383 (1.347)] l_pix: 4.9336e-02 
2025-03-25 01:07:38,964 INFO: [finet..][epoch:991, iter:  11,900, lr:(5.000e-05,)] [eta: 7:31:59, time (data): 1.202 (1.166)] l_pix: 4.8712e-02 
2025-03-25 01:09:49,167 INFO: [finet..][epoch:999, iter:  12,000, lr:(5.000e-05,)] [eta: 7:29:36, time (data): 1.273 (1.238)] l_pix: 3.8893e-02 
2025-03-25 01:12:15,821 INFO: [finet..][epoch:1008, iter:  12,100, lr:(5.000e-05,)] [eta: 7:27:40, time (data): 1.622 (1.587)] l_pix: 4.7551e-02 
2025-03-25 01:14:25,459 INFO: [finet..][epoch:1016, iter:  12,200, lr:(5.000e-05,)] [eta: 7:25:17, time (data): 1.389 (1.356)] l_pix: 3.6856e-02 
2025-03-25 01:16:35,618 INFO: [finet..][epoch:1024, iter:  12,300, lr:(5.000e-05,)] [eta: 7:22:54, time (data): 1.255 (1.222)] l_pix: 5.0013e-02 
2025-03-25 01:19:02,876 INFO: [finet..][epoch:1033, iter:  12,400, lr:(5.000e-05,)] [eta: 7:20:59, time (data): 1.412 (1.374)] l_pix: 3.6248e-02 
2025-03-25 01:21:13,891 INFO: [finet..][epoch:1041, iter:  12,500, lr:(5.000e-05,)] [eta: 7:18:37, time (data): 1.296 (1.259)] l_pix: 2.8496e-02 
2025-03-25 01:23:24,826 INFO: [finet..][epoch:1049, iter:  12,600, lr:(5.000e-05,)] [eta: 7:16:16, time (data): 1.306 (1.270)] l_pix: 6.0149e-02 
2025-03-25 01:25:51,171 INFO: [finet..][epoch:1058, iter:  12,700, lr:(5.000e-05,)] [eta: 7:14:19, time (data): 1.318 (1.283)] l_pix: 3.8777e-02 
2025-03-25 01:28:01,789 INFO: [finet..][epoch:1066, iter:  12,800, lr:(5.000e-05,)] [eta: 7:11:57, time (data): 1.309 (1.273)] l_pix: 3.5554e-02 
2025-03-25 01:30:12,566 INFO: [finet..][epoch:1074, iter:  12,900, lr:(5.000e-05,)] [eta: 7:09:36, time (data): 1.360 (1.323)] l_pix: 3.4771e-02 
2025-03-25 01:32:41,439 INFO: [finet..][epoch:1083, iter:  13,000, lr:(5.000e-05,)] [eta: 7:07:41, time (data): 1.455 (1.417)] l_pix: 5.2775e-02 
2025-03-25 01:35:19,235 INFO: [finet..][epoch:1091, iter:  13,100, lr:(5.000e-05,)] [eta: 7:05:59, time (data): 1.423 (1.390)] l_pix: 2.9554e-02 
2025-03-25 01:37:29,655 INFO: [finet..][epoch:1099, iter:  13,200, lr:(5.000e-05,)] [eta: 7:03:37, time (data): 1.335 (1.300)] l_pix: 3.3681e-02 
2025-03-25 01:39:56,204 INFO: [finet..][epoch:1108, iter:  13,300, lr:(5.000e-05,)] [eta: 7:01:37, time (data): 1.439 (1.400)] l_pix: 3.8206e-02 
2025-03-25 01:42:06,510 INFO: [finet..][epoch:1116, iter:  13,400, lr:(5.000e-05,)] [eta: 6:59:15, time (data): 1.337 (1.302)] l_pix: 4.9358e-02 
2025-03-25 01:44:16,121 INFO: [finet..][epoch:1124, iter:  13,500, lr:(5.000e-05,)] [eta: 6:56:52, time (data): 0.989 (0.956)] l_pix: 3.5064e-02 
2025-03-25 01:46:41,753 INFO: [finet..][epoch:1133, iter:  13,600, lr:(5.000e-05,)] [eta: 6:54:51, time (data): 1.340 (1.305)] l_pix: 2.8897e-02 
2025-03-25 01:48:51,806 INFO: [finet..][epoch:1141, iter:  13,700, lr:(5.000e-05,)] [eta: 6:52:29, time (data): 1.523 (1.485)] l_pix: 4.5619e-02 
2025-03-25 01:51:01,421 INFO: [finet..][epoch:1149, iter:  13,800, lr:(5.000e-05,)] [eta: 6:50:06, time (data): 1.351 (1.315)] l_pix: 4.2950e-02 
2025-03-25 01:53:27,625 INFO: [finet..][epoch:1158, iter:  13,900, lr:(5.000e-05,)] [eta: 6:48:05, time (data): 1.577 (1.539)] l_pix: 3.8419e-02 
2025-03-25 01:55:37,481 INFO: [finet..][epoch:1166, iter:  14,000, lr:(5.000e-05,)] [eta: 6:45:43, time (data): 1.364 (1.330)] l_pix: 3.2627e-02 
2025-03-25 01:57:47,878 INFO: [finet..][epoch:1174, iter:  14,100, lr:(5.000e-05,)] [eta: 6:43:22, time (data): 1.089 (1.059)] l_pix: 4.2814e-02 
2025-03-25 02:00:13,700 INFO: [finet..][epoch:1183, iter:  14,200, lr:(5.000e-05,)] [eta: 6:41:20, time (data): 1.373 (1.338)] l_pix: 4.5874e-02 
2025-03-25 02:02:24,154 INFO: [finet..][epoch:1191, iter:  14,300, lr:(5.000e-05,)] [eta: 6:38:58, time (data): 1.121 (1.091)] l_pix: 5.0575e-02 
2025-03-25 02:04:34,155 INFO: [finet..][epoch:1199, iter:  14,400, lr:(5.000e-05,)] [eta: 6:36:37, time (data): 1.260 (1.228)] l_pix: 4.2065e-02 
2025-03-25 02:07:00,578 INFO: [finet..][epoch:1208, iter:  14,500, lr:(5.000e-05,)] [eta: 6:34:35, time (data): 1.737 (1.696)] l_pix: 3.6200e-02 
2025-03-25 02:09:10,390 INFO: [finet..][epoch:1216, iter:  14,600, lr:(5.000e-05,)] [eta: 6:32:13, time (data): 1.394 (1.359)] l_pix: 4.2781e-02 
2025-03-25 02:11:20,229 INFO: [finet..][epoch:1224, iter:  14,700, lr:(5.000e-05,)] [eta: 6:29:52, time (data): 1.203 (1.172)] l_pix: 3.9583e-02 
2025-03-25 02:13:46,465 INFO: [finet..][epoch:1233, iter:  14,800, lr:(5.000e-05,)] [eta: 6:27:49, time (data): 1.407 (1.372)] l_pix: 3.9571e-02 
2025-03-25 02:15:56,836 INFO: [finet..][epoch:1241, iter:  14,900, lr:(5.000e-05,)] [eta: 6:25:28, time (data): 1.253 (1.217)] l_pix: 3.7480e-02 
2025-03-25 02:18:07,104 INFO: [finet..][epoch:1249, iter:  15,000, lr:(5.000e-05,)] [eta: 6:23:07, time (data): 1.292 (1.256)] l_pix: 3.2174e-02 
2025-03-25 02:18:07,104 INFO: Saving models and training states.
2025-03-25 02:18:09,333 INFO: Validation caratulas_val
	 # psnr: 21.6965	Best: 21.8008 @ 5000 iter

2025-03-25 02:20:35,525 INFO: [finet..][epoch:1258, iter:  15,100, lr:(5.000e-05,)] [eta: 6:21:07, time (data): 1.301 (1.263)] l_pix: 3.5851e-02 
2025-03-25 02:22:45,739 INFO: [finet..][epoch:1266, iter:  15,200, lr:(5.000e-05,)] [eta: 6:18:46, time (data): 1.302 (1.267)] l_pix: 3.4471e-02 
2025-03-25 02:24:55,723 INFO: [finet..][epoch:1274, iter:  15,300, lr:(5.000e-05,)] [eta: 6:16:25, time (data): 1.356 (1.317)] l_pix: 4.0121e-02 
2025-03-25 02:27:21,824 INFO: [finet..][epoch:1283, iter:  15,400, lr:(5.000e-05,)] [eta: 6:14:21, time (data): 1.441 (1.404)] l_pix: 5.0143e-02 
2025-03-25 02:29:31,811 INFO: [finet..][epoch:1291, iter:  15,500, lr:(5.000e-05,)] [eta: 6:12:00, time (data): 1.407 (1.373)] l_pix: 4.0388e-02 
2025-03-25 02:31:42,042 INFO: [finet..][epoch:1299, iter:  15,600, lr:(5.000e-05,)] [eta: 6:09:40, time (data): 1.322 (1.288)] l_pix: 3.2818e-02 
2025-03-25 02:34:08,874 INFO: [finet..][epoch:1308, iter:  15,700, lr:(5.000e-05,)] [eta: 6:07:36, time (data): 1.489 (1.456)] l_pix: 3.3748e-02 
2025-03-25 02:36:19,459 INFO: [finet..][epoch:1316, iter:  15,800, lr:(5.000e-05,)] [eta: 6:05:16, time (data): 1.339 (1.303)] l_pix: 4.2243e-02 
2025-03-25 02:38:29,551 INFO: [finet..][epoch:1324, iter:  15,900, lr:(5.000e-05,)] [eta: 6:02:56, time (data): 0.778 (0.752)] l_pix: 3.2182e-02 
2025-03-25 02:40:55,560 INFO: [finet..][epoch:1333, iter:  16,000, lr:(5.000e-05,)] [eta: 6:00:51, time (data): 1.342 (1.307)] l_pix: 4.4632e-02 
2025-03-25 02:43:05,973 INFO: [finet..][epoch:1341, iter:  16,100, lr:(5.000e-05,)] [eta: 5:58:31, time (data): 1.636 (1.593)] l_pix: 3.8090e-02 
2025-03-25 02:45:16,013 INFO: [finet..][epoch:1349, iter:  16,200, lr:(5.000e-05,)] [eta: 5:56:11, time (data): 1.356 (1.321)] l_pix: 4.6124e-02 
2025-03-25 02:47:42,031 INFO: [finet..][epoch:1358, iter:  16,300, lr:(5.000e-05,)] [eta: 5:54:06, time (data): 1.711 (1.672)] l_pix: 3.6687e-02 
2025-03-25 02:49:52,007 INFO: [finet..][epoch:1366, iter:  16,400, lr:(5.000e-05,)] [eta: 5:51:45, time (data): 1.365 (1.331)] l_pix: 4.9999e-02 
2025-03-25 02:52:01,864 INFO: [finet..][epoch:1374, iter:  16,500, lr:(5.000e-05,)] [eta: 5:49:25, time (data): 0.904 (0.878)] l_pix: 4.2811e-02 
2025-03-25 02:54:27,626 INFO: [finet..][epoch:1383, iter:  16,600, lr:(5.000e-05,)] [eta: 5:47:19, time (data): 1.373 (1.338)] l_pix: 5.4086e-02 
2025-03-25 02:56:37,468 INFO: [finet..][epoch:1391, iter:  16,700, lr:(5.000e-05,)] [eta: 5:44:59, time (data): 0.966 (0.935)] l_pix: 3.7227e-02 
2025-03-25 02:58:47,503 INFO: [finet..][epoch:1399, iter:  16,800, lr:(5.000e-05,)] [eta: 5:42:39, time (data): 1.252 (1.218)] l_pix: 3.9125e-02 
2025-03-25 03:01:13,772 INFO: [finet..][epoch:1408, iter:  16,900, lr:(5.000e-05,)] [eta: 5:40:33, time (data): 2.017 (1.974)] l_pix: 3.8196e-02 
2025-03-25 03:03:23,384 INFO: [finet..][epoch:1416, iter:  17,000, lr:(5.000e-05,)] [eta: 5:38:13, time (data): 1.396 (1.360)] l_pix: 3.4715e-02 
2025-03-25 03:05:33,835 INFO: [finet..][epoch:1424, iter:  17,100, lr:(5.000e-05,)] [eta: 5:35:53, time (data): 1.084 (1.057)] l_pix: 3.8187e-02 
2025-03-25 03:08:00,645 INFO: [finet..][epoch:1433, iter:  17,200, lr:(5.000e-05,)] [eta: 5:33:48, time (data): 1.418 (1.381)] l_pix: 4.2822e-02 
2025-03-25 03:10:10,888 INFO: [finet..][epoch:1441, iter:  17,300, lr:(5.000e-05,)] [eta: 5:31:28, time (data): 1.159 (1.129)] l_pix: 4.6341e-02 
2025-03-25 03:12:20,875 INFO: [finet..][epoch:1449, iter:  17,400, lr:(5.000e-05,)] [eta: 5:29:09, time (data): 1.283 (1.250)] l_pix: 4.8497e-02 
2025-03-25 03:14:46,923 INFO: [finet..][epoch:1458, iter:  17,500, lr:(5.000e-05,)] [eta: 5:27:02, time (data): 1.247 (1.218)] l_pix: 4.4056e-02 
2025-03-25 03:16:57,140 INFO: [finet..][epoch:1466, iter:  17,600, lr:(5.000e-05,)] [eta: 5:24:43, time (data): 1.296 (1.263)] l_pix: 3.5893e-02 
2025-03-25 03:19:07,181 INFO: [finet..][epoch:1474, iter:  17,700, lr:(5.000e-05,)] [eta: 5:22:23, time (data): 1.369 (1.340)] l_pix: 3.6889e-02 
2025-03-25 03:21:33,007 INFO: [finet..][epoch:1483, iter:  17,800, lr:(5.000e-05,)] [eta: 5:20:16, time (data): 1.449 (1.414)] l_pix: 3.3161e-02 
2025-03-25 03:23:43,007 INFO: [finet..][epoch:1491, iter:  17,900, lr:(5.000e-05,)] [eta: 5:17:57, time (data): 1.471 (1.431)] l_pix: 4.1924e-02 
2025-03-25 03:25:53,054 INFO: [finet..][epoch:1499, iter:  18,000, lr:(5.000e-05,)] [eta: 5:15:37, time (data): 1.317 (1.281)] l_pix: 4.0251e-02 
2025-03-25 03:28:19,659 INFO: [finet..][epoch:1508, iter:  18,100, lr:(5.000e-05,)] [eta: 5:13:31, time (data): 1.620 (1.580)] l_pix: 3.2784e-02 
2025-03-25 03:30:29,881 INFO: [finet..][epoch:1516, iter:  18,200, lr:(5.000e-05,)] [eta: 5:11:12, time (data): 1.331 (1.293)] l_pix: 4.1861e-02 
2025-03-25 03:32:39,906 INFO: [finet..][epoch:1524, iter:  18,300, lr:(5.000e-05,)] [eta: 5:08:52, time (data): 0.016 (0.002)] l_pix: 3.6780e-02 
2025-03-25 03:35:05,744 INFO: [finet..][epoch:1533, iter:  18,400, lr:(5.000e-05,)] [eta: 5:06:45, time (data): 1.339 (1.305)] l_pix: 3.5525e-02 
2025-03-25 03:37:15,775 INFO: [finet..][epoch:1541, iter:  18,500, lr:(5.000e-05,)] [eta: 5:04:26, time (data): 2.018 (1.979)] l_pix: 5.2620e-02 
2025-03-25 03:39:25,819 INFO: [finet..][epoch:1549, iter:  18,600, lr:(5.000e-05,)] [eta: 5:02:07, time (data): 1.354 (1.320)] l_pix: 4.5739e-02 
2025-03-25 03:41:51,434 INFO: [finet..][epoch:1558, iter:  18,700, lr:(5.000e-05,)] [eta: 4:59:59, time (data): 2.307 (2.266)] l_pix: 5.8143e-02 
2025-03-25 03:44:01,054 INFO: [finet..][epoch:1566, iter:  18,800, lr:(5.000e-05,)] [eta: 4:57:39, time (data): 1.362 (1.330)] l_pix: 3.7979e-02 
2025-03-25 03:46:11,254 INFO: [finet..][epoch:1574, iter:  18,900, lr:(5.000e-05,)] [eta: 4:55:20, time (data): 0.016 (0.000)] l_pix: 3.4649e-02 
2025-03-25 03:48:37,280 INFO: [finet..][epoch:1583, iter:  19,000, lr:(5.000e-05,)] [eta: 4:53:12, time (data): 1.378 (1.342)] l_pix: 3.5647e-02 
2025-03-25 03:50:47,516 INFO: [finet..][epoch:1591, iter:  19,100, lr:(5.000e-05,)] [eta: 4:50:54, time (data): 0.015 (0.000)] l_pix: 3.8915e-02 
2025-03-25 03:52:58,148 INFO: [finet..][epoch:1599, iter:  19,200, lr:(5.000e-05,)] [eta: 4:48:35, time (data): 1.245 (1.210)] l_pix: 5.3565e-02 
2025-03-25 03:55:24,181 INFO: [finet..][epoch:1608, iter:  19,300, lr:(5.000e-05,)] [eta: 4:46:27, time (data): 4.017 (3.957)] l_pix: 4.2893e-02 
2025-03-25 03:57:33,773 INFO: [finet..][epoch:1616, iter:  19,400, lr:(5.000e-05,)] [eta: 4:44:08, time (data): 1.401 (1.366)] l_pix: 4.8652e-02 
2025-03-25 03:59:44,220 INFO: [finet..][epoch:1624, iter:  19,500, lr:(5.000e-05,)] [eta: 4:41:49, time (data): 0.015 (0.001)] l_pix: 3.6793e-02 
2025-03-25 04:02:11,030 INFO: [finet..][epoch:1633, iter:  19,600, lr:(5.000e-05,)] [eta: 4:39:41, time (data): 1.426 (1.388)] l_pix: 4.2555e-02 
2025-03-25 04:04:20,656 INFO: [finet..][epoch:1641, iter:  19,700, lr:(5.000e-05,)] [eta: 4:37:23, time (data): 0.018 (0.008)] l_pix: 4.1756e-02 
2025-03-25 04:06:30,484 INFO: [finet..][epoch:1649, iter:  19,800, lr:(5.000e-05,)] [eta: 4:35:04, time (data): 1.273 (1.240)] l_pix: 3.8434e-02 
2025-03-25 04:08:56,695 INFO: [finet..][epoch:1658, iter:  19,900, lr:(5.000e-05,)] [eta: 4:32:55, time (data): 0.016 (0.000)] l_pix: 3.3228e-02 
2025-03-25 04:11:06,941 INFO: [finet..][epoch:1666, iter:  20,000, lr:(5.000e-05,)] [eta: 4:30:37, time (data): 1.290 (1.256)] l_pix: 4.4845e-02 
2025-03-25 04:11:06,941 INFO: Saving models and training states.
2025-03-25 04:11:08,924 INFO: Validation caratulas_val
	 # psnr: 21.6527	Best: 21.8008 @ 5000 iter

2025-03-25 04:13:18,769 INFO: [finet..][epoch:1674, iter:  20,100, lr:(5.000e-05,)] [eta: 4:28:19, time (data): 1.294 (1.260)] l_pix: 4.3151e-02 
2025-03-25 04:15:45,953 INFO: [finet..][epoch:1683, iter:  20,200, lr:(5.000e-05,)] [eta: 4:26:11, time (data): 1.472 (1.436)] l_pix: 4.4060e-02 
2025-03-25 04:17:56,605 INFO: [finet..][epoch:1691, iter:  20,300, lr:(5.000e-05,)] [eta: 4:23:53, time (data): 1.389 (1.354)] l_pix: 4.4114e-02 
2025-03-25 04:20:06,976 INFO: [finet..][epoch:1699, iter:  20,400, lr:(5.000e-05,)] [eta: 4:21:35, time (data): 1.317 (1.282)] l_pix: 4.3433e-02 
2025-03-25 04:22:33,338 INFO: [finet..][epoch:1708, iter:  20,500, lr:(5.000e-05,)] [eta: 4:19:26, time (data): 1.390 (1.353)] l_pix: 3.6512e-02 
2025-03-25 04:24:43,684 INFO: [finet..][epoch:1716, iter:  20,600, lr:(5.000e-05,)] [eta: 4:17:08, time (data): 1.329 (1.295)] l_pix: 3.7530e-02 
2025-03-25 04:26:53,908 INFO: [finet..][epoch:1724, iter:  20,700, lr:(5.000e-05,)] [eta: 4:14:49, time (data): 1.316 (1.282)] l_pix: 3.8272e-02 
2025-03-25 04:29:19,765 INFO: [finet..][epoch:1733, iter:  20,800, lr:(5.000e-05,)] [eta: 4:12:40, time (data): 1.336 (1.302)] l_pix: 2.9924e-02 
2025-03-25 04:31:29,750 INFO: [finet..][epoch:1741, iter:  20,900, lr:(5.000e-05,)] [eta: 4:10:21, time (data): 1.318 (1.284)] l_pix: 4.2852e-02 
2025-03-25 04:33:40,590 INFO: [finet..][epoch:1749, iter:  21,000, lr:(5.000e-05,)] [eta: 4:08:04, time (data): 1.362 (1.326)] l_pix: 3.7142e-02 
2025-03-25 04:36:07,582 INFO: [finet..][epoch:1758, iter:  21,100, lr:(5.000e-05,)] [eta: 4:05:54, time (data): 1.417 (1.380)] l_pix: 3.5920e-02 
2025-03-25 04:38:18,225 INFO: [finet..][epoch:1766, iter:  21,200, lr:(5.000e-05,)] [eta: 4:03:37, time (data): 1.374 (1.337)] l_pix: 3.4237e-02 
2025-03-25 04:40:28,788 INFO: [finet..][epoch:1774, iter:  21,300, lr:(5.000e-05,)] [eta: 4:01:19, time (data): 1.339 (1.303)] l_pix: 2.8945e-02 
2025-03-25 04:42:54,765 INFO: [finet..][epoch:1783, iter:  21,400, lr:(5.000e-05,)] [eta: 3:59:09, time (data): 1.381 (1.346)] l_pix: 4.4754e-02 
2025-03-25 04:45:04,680 INFO: [finet..][epoch:1791, iter:  21,500, lr:(5.000e-05,)] [eta: 3:56:51, time (data): 1.339 (1.303)] l_pix: 4.2696e-02 
2025-03-25 04:47:14,714 INFO: [finet..][epoch:1799, iter:  21,600, lr:(5.000e-05,)] [eta: 3:54:33, time (data): 1.225 (1.194)] l_pix: 4.5615e-02 
2025-03-25 04:49:40,545 INFO: [finet..][epoch:1808, iter:  21,700, lr:(5.000e-05,)] [eta: 3:52:23, time (data): 1.346 (1.313)] l_pix: 3.1955e-02 
2025-03-25 04:51:50,956 INFO: [finet..][epoch:1816, iter:  21,800, lr:(5.000e-05,)] [eta: 3:50:05, time (data): 1.416 (1.377)] l_pix: 4.1825e-02 
2025-03-25 04:54:01,149 INFO: [finet..][epoch:1824, iter:  21,900, lr:(5.000e-05,)] [eta: 3:47:47, time (data): 1.356 (1.320)] l_pix: 4.1560e-02 
2025-03-25 04:56:27,822 INFO: [finet..][epoch:1833, iter:  22,000, lr:(5.000e-05,)] [eta: 3:45:37, time (data): 1.434 (1.397)] l_pix: 2.9138e-02 
2025-03-25 04:58:36,429 INFO: [finet..][epoch:1841, iter:  22,100, lr:(5.000e-05,)] [eta: 3:43:18, time (data): 1.356 (1.322)] l_pix: 4.1890e-02 
2025-03-25 05:00:44,813 INFO: [finet..][epoch:1849, iter:  22,200, lr:(5.000e-05,)] [eta: 3:41:00, time (data): 1.247 (1.214)] l_pix: 3.8631e-02 
2025-03-25 05:03:09,276 INFO: [finet..][epoch:1858, iter:  22,300, lr:(5.000e-05,)] [eta: 3:38:49, time (data): 1.351 (1.315)] l_pix: 4.3001e-02 
2025-03-25 05:05:17,716 INFO: [finet..][epoch:1866, iter:  22,400, lr:(5.000e-05,)] [eta: 3:36:30, time (data): 1.264 (1.230)] l_pix: 3.4532e-02 
2025-03-25 05:07:26,070 INFO: [finet..][epoch:1874, iter:  22,500, lr:(5.000e-05,)] [eta: 3:34:12, time (data): 1.274 (1.240)] l_pix: 4.3179e-02 
2025-03-25 05:09:50,364 INFO: [finet..][epoch:1883, iter:  22,600, lr:(5.000e-05,)] [eta: 3:32:01, time (data): 1.457 (1.421)] l_pix: 5.2516e-02 
2025-03-25 05:11:58,983 INFO: [finet..][epoch:1891, iter:  22,700, lr:(5.000e-05,)] [eta: 3:29:42, time (data): 1.366 (1.331)] l_pix: 4.3906e-02 
2025-03-25 05:14:07,205 INFO: [finet..][epoch:1899, iter:  22,800, lr:(5.000e-05,)] [eta: 3:27:24, time (data): 1.288 (1.254)] l_pix: 3.5809e-02 
2025-03-25 05:16:31,033 INFO: [finet..][epoch:1908, iter:  22,900, lr:(5.000e-05,)] [eta: 3:25:12, time (data): 1.368 (1.332)] l_pix: 3.3090e-02 
2025-03-25 05:18:39,668 INFO: [finet..][epoch:1916, iter:  23,000, lr:(5.000e-05,)] [eta: 3:22:54, time (data): 1.308 (1.274)] l_pix: 3.9923e-02 
2025-03-25 05:20:47,850 INFO: [finet..][epoch:1924, iter:  23,100, lr:(5.000e-05,)] [eta: 3:20:36, time (data): 1.294 (1.260)] l_pix: 4.0867e-02 
2025-03-25 05:23:12,713 INFO: [finet..][epoch:1933, iter:  23,200, lr:(5.000e-05,)] [eta: 3:18:25, time (data): 1.327 (1.293)] l_pix: 4.0036e-02 
2025-03-25 05:25:21,928 INFO: [finet..][epoch:1941, iter:  23,300, lr:(5.000e-05,)] [eta: 3:16:07, time (data): 1.308 (1.274)] l_pix: 3.3466e-02 
2025-03-25 05:27:31,363 INFO: [finet..][epoch:1949, iter:  23,400, lr:(5.000e-05,)] [eta: 3:13:50, time (data): 1.348 (1.311)] l_pix: 3.7518e-02 
2025-03-25 05:29:55,774 INFO: [finet..][epoch:1958, iter:  23,500, lr:(5.000e-05,)] [eta: 3:11:38, time (data): 1.400 (1.364)] l_pix: 3.5640e-02 
2025-03-25 05:32:04,399 INFO: [finet..][epoch:1966, iter:  23,600, lr:(5.000e-05,)] [eta: 3:09:20, time (data): 1.354 (1.318)] l_pix: 3.4670e-02 
2025-03-25 05:34:13,409 INFO: [finet..][epoch:1974, iter:  23,700, lr:(5.000e-05,)] [eta: 3:07:03, time (data): 1.319 (1.284)] l_pix: 4.6793e-02 
2025-03-25 05:36:38,047 INFO: [finet..][epoch:1983, iter:  23,800, lr:(5.000e-05,)] [eta: 3:04:51, time (data): 1.372 (1.335)] l_pix: 4.4449e-02 
2025-03-25 05:38:46,275 INFO: [finet..][epoch:1991, iter:  23,900, lr:(5.000e-05,)] [eta: 3:02:33, time (data): 1.323 (1.286)] l_pix: 4.8306e-02 
2025-03-25 05:40:54,491 INFO: [finet..][epoch:1999, iter:  24,000, lr:(5.000e-05,)] [eta: 3:00:15, time (data): 1.187 (1.154)] l_pix: 3.2547e-02 
2025-03-25 05:43:18,929 INFO: [finet..][epoch:2008, iter:  24,100, lr:(5.000e-05,)] [eta: 2:58:03, time (data): 1.329 (1.294)] l_pix: 4.2315e-02 
2025-03-25 05:45:27,315 INFO: [finet..][epoch:2016, iter:  24,200, lr:(5.000e-05,)] [eta: 2:55:46, time (data): 1.403 (1.366)] l_pix: 5.2206e-02 
2025-03-25 05:47:35,386 INFO: [finet..][epoch:2024, iter:  24,300, lr:(5.000e-05,)] [eta: 2:53:28, time (data): 1.335 (1.300)] l_pix: 5.9491e-02 
2025-03-25 05:49:59,391 INFO: [finet..][epoch:2033, iter:  24,400, lr:(5.000e-05,)] [eta: 2:51:16, time (data): 1.419 (1.383)] l_pix: 4.7336e-02 
2025-03-25 05:52:08,216 INFO: [finet..][epoch:2041, iter:  24,500, lr:(5.000e-05,)] [eta: 2:48:59, time (data): 1.346 (1.310)] l_pix: 3.8689e-02 
2025-03-25 05:54:16,471 INFO: [finet..][epoch:2049, iter:  24,600, lr:(5.000e-05,)] [eta: 2:46:41, time (data): 1.233 (1.199)] l_pix: 4.0005e-02 
2025-03-25 05:56:41,069 INFO: [finet..][epoch:2058, iter:  24,700, lr:(5.000e-05,)] [eta: 2:44:29, time (data): 1.352 (1.317)] l_pix: 3.6708e-02 
2025-03-25 05:58:49,899 INFO: [finet..][epoch:2066, iter:  24,800, lr:(5.000e-05,)] [eta: 2:42:12, time (data): 1.255 (1.220)] l_pix: 4.5424e-02 
2025-03-25 06:00:58,348 INFO: [finet..][epoch:2074, iter:  24,900, lr:(5.000e-05,)] [eta: 2:39:55, time (data): 1.272 (1.238)] l_pix: 4.1991e-02 
2025-03-25 06:03:23,351 INFO: [finet..][epoch:2083, iter:  25,000, lr:(5.000e-05,)] [eta: 2:37:42, time (data): 1.482 (1.445)] l_pix: 5.0172e-02 
2025-03-25 06:03:23,351 INFO: Saving models and training states.
2025-03-25 06:03:25,672 INFO: Validation caratulas_val
	 # psnr: 21.6130	Best: 21.8008 @ 5000 iter

2025-03-25 06:05:34,576 INFO: [finet..][epoch:2091, iter:  25,100, lr:(5.000e-05,)] [eta: 2:35:26, time (data): 1.372 (1.335)] l_pix: 3.7989e-02 
2025-03-25 06:07:43,131 INFO: [finet..][epoch:2099, iter:  25,200, lr:(5.000e-05,)] [eta: 2:33:09, time (data): 1.285 (1.249)] l_pix: 4.0031e-02 
2025-03-25 06:10:07,343 INFO: [finet..][epoch:2108, iter:  25,300, lr:(5.000e-05,)] [eta: 2:30:56, time (data): 1.375 (1.338)] l_pix: 4.3864e-02 
2025-03-25 06:12:15,805 INFO: [finet..][epoch:2116, iter:  25,400, lr:(5.000e-05,)] [eta: 2:28:39, time (data): 1.302 (1.267)] l_pix: 5.2632e-02 
2025-03-25 06:14:24,071 INFO: [finet..][epoch:2124, iter:  25,500, lr:(5.000e-05,)] [eta: 2:26:22, time (data): 1.291 (1.256)] l_pix: 5.5068e-02 
2025-03-25 06:16:48,305 INFO: [finet..][epoch:2133, iter:  25,600, lr:(5.000e-05,)] [eta: 2:24:10, time (data): 1.321 (1.285)] l_pix: 3.5225e-02 
2025-03-25 06:18:56,932 INFO: [finet..][epoch:2141, iter:  25,700, lr:(5.000e-05,)] [eta: 2:21:53, time (data): 1.301 (1.266)] l_pix: 3.6356e-02 
2025-03-25 06:21:05,304 INFO: [finet..][epoch:2149, iter:  25,800, lr:(5.000e-05,)] [eta: 2:19:36, time (data): 1.338 (1.300)] l_pix: 3.4980e-02 
2025-03-25 06:23:29,482 INFO: [finet..][epoch:2158, iter:  25,900, lr:(5.000e-05,)] [eta: 2:17:23, time (data): 1.398 (1.362)] l_pix: 3.8652e-02 
2025-03-25 06:25:37,620 INFO: [finet..][epoch:2166, iter:  26,000, lr:(5.000e-05,)] [eta: 2:15:06, time (data): 1.352 (1.314)] l_pix: 5.0429e-02 
2025-03-25 06:27:46,246 INFO: [finet..][epoch:2174, iter:  26,100, lr:(5.000e-05,)] [eta: 2:12:50, time (data): 1.313 (1.278)] l_pix: 3.0779e-02 
2025-03-25 06:30:10,553 INFO: [finet..][epoch:2183, iter:  26,200, lr:(5.000e-05,)] [eta: 2:10:37, time (data): 1.375 (1.341)] l_pix: 3.9891e-02 
2025-03-25 06:32:19,075 INFO: [finet..][epoch:2191, iter:  26,300, lr:(5.000e-05,)] [eta: 2:08:20, time (data): 1.322 (1.289)] l_pix: 3.6352e-02 
2025-03-25 06:34:27,693 INFO: [finet..][epoch:2199, iter:  26,400, lr:(5.000e-05,)] [eta: 2:06:03, time (data): 1.164 (1.133)] l_pix: 4.8204e-02 
2025-03-25 06:36:51,720 INFO: [finet..][epoch:2208, iter:  26,500, lr:(5.000e-05,)] [eta: 2:03:50, time (data): 1.327 (1.293)] l_pix: 2.9012e-02 
2025-03-25 06:39:00,154 INFO: [finet..][epoch:2216, iter:  26,600, lr:(5.000e-05,)] [eta: 2:01:34, time (data): 1.413 (1.376)] l_pix: 3.7132e-02 
2025-03-25 06:41:08,579 INFO: [finet..][epoch:2224, iter:  26,700, lr:(5.000e-05,)] [eta: 1:59:17, time (data): 1.336 (1.301)] l_pix: 3.9783e-02 
2025-03-25 06:43:32,993 INFO: [finet..][epoch:2233, iter:  26,800, lr:(5.000e-05,)] [eta: 1:57:04, time (data): 1.435 (1.399)] l_pix: 2.8856e-02 
2025-03-25 06:45:41,618 INFO: [finet..][epoch:2241, iter:  26,900, lr:(5.000e-05,)] [eta: 1:54:48, time (data): 1.346 (1.311)] l_pix: 3.9160e-02 
2025-03-25 06:47:50,195 INFO: [finet..][epoch:2249, iter:  27,000, lr:(5.000e-05,)] [eta: 1:52:31, time (data): 1.221 (1.186)] l_pix: 3.7613e-02 
2025-03-25 06:50:15,003 INFO: [finet..][epoch:2258, iter:  27,100, lr:(5.000e-05,)] [eta: 1:50:18, time (data): 1.358 (1.322)] l_pix: 4.0027e-02 
2025-03-25 06:52:24,110 INFO: [finet..][epoch:2266, iter:  27,200, lr:(5.000e-05,)] [eta: 1:48:02, time (data): 1.238 (1.205)] l_pix: 3.3236e-02 
2025-03-25 06:54:32,332 INFO: [finet..][epoch:2274, iter:  27,300, lr:(5.000e-05,)] [eta: 1:45:46, time (data): 1.265 (1.232)] l_pix: 3.7140e-02 
2025-03-25 06:56:56,465 INFO: [finet..][epoch:2283, iter:  27,400, lr:(5.000e-05,)] [eta: 1:43:32, time (data): 1.502 (1.465)] l_pix: 3.6616e-02 
2025-03-25 06:59:04,974 INFO: [finet..][epoch:2291, iter:  27,500, lr:(5.000e-05,)] [eta: 1:41:16, time (data): 1.370 (1.335)] l_pix: 3.9238e-02 
2025-03-25 07:01:13,560 INFO: [finet..][epoch:2299, iter:  27,600, lr:(5.000e-05,)] [eta: 1:39:00, time (data): 1.279 (1.243)] l_pix: 4.2115e-02 
2025-03-25 07:03:38,044 INFO: [finet..][epoch:2308, iter:  27,700, lr:(5.000e-05,)] [eta: 1:36:46, time (data): 1.381 (1.345)] l_pix: 3.2488e-02 
2025-03-25 07:05:46,457 INFO: [finet..][epoch:2316, iter:  27,800, lr:(5.000e-05,)] [eta: 1:34:30, time (data): 1.294 (1.260)] l_pix: 5.0977e-02 
2025-03-25 07:07:54,671 INFO: [finet..][epoch:2324, iter:  27,900, lr:(5.000e-05,)] [eta: 1:32:14, time (data): 1.286 (1.253)] l_pix: 4.2522e-02 
2025-03-25 07:10:18,698 INFO: [finet..][epoch:2333, iter:  28,000, lr:(5.000e-05,)] [eta: 1:30:00, time (data): 1.311 (1.275)] l_pix: 4.5212e-02 
2025-03-25 07:12:26,910 INFO: [finet..][epoch:2341, iter:  28,100, lr:(5.000e-05,)] [eta: 1:27:44, time (data): 1.293 (1.258)] l_pix: 4.1122e-02 
2025-03-25 07:14:34,949 INFO: [finet..][epoch:2349, iter:  28,200, lr:(5.000e-05,)] [eta: 1:25:28, time (data): 1.333 (1.299)] l_pix: 3.0200e-02 
2025-03-25 07:16:58,962 INFO: [finet..][epoch:2358, iter:  28,300, lr:(5.000e-05,)] [eta: 1:23:15, time (data): 1.400 (1.363)] l_pix: 3.5110e-02 
2025-03-25 07:19:07,195 INFO: [finet..][epoch:2366, iter:  28,400, lr:(5.000e-05,)] [eta: 1:20:59, time (data): 1.356 (1.320)] l_pix: 4.7898e-02 
2025-03-25 07:21:15,633 INFO: [finet..][epoch:2374, iter:  28,500, lr:(5.000e-05,)] [eta: 1:18:43, time (data): 1.311 (1.276)] l_pix: 4.2791e-02 
2025-03-25 07:23:41,073 INFO: [finet..][epoch:2383, iter:  28,600, lr:(5.000e-05,)] [eta: 1:16:29, time (data): 1.392 (1.356)] l_pix: 3.7004e-02 
2025-03-25 07:25:49,438 INFO: [finet..][epoch:2391, iter:  28,700, lr:(5.000e-05,)] [eta: 1:14:13, time (data): 1.324 (1.288)] l_pix: 3.1921e-02 
2025-03-25 07:27:58,497 INFO: [finet..][epoch:2399, iter:  28,800, lr:(5.000e-05,)] [eta: 1:11:58, time (data): 1.139 (1.104)] l_pix: 5.0396e-02 
2025-03-25 07:30:23,332 INFO: [finet..][epoch:2408, iter:  28,900, lr:(5.000e-05,)] [eta: 1:09:44, time (data): 1.336 (1.300)] l_pix: 3.9138e-02 
2025-03-25 07:32:32,144 INFO: [finet..][epoch:2416, iter:  29,000, lr:(5.000e-05,)] [eta: 1:07:28, time (data): 1.437 (1.401)] l_pix: 4.3783e-02 
2025-03-25 07:34:40,964 INFO: [finet..][epoch:2424, iter:  29,100, lr:(5.000e-05,)] [eta: 1:05:12, time (data): 1.342 (1.306)] l_pix: 4.3574e-02 
2025-03-25 07:37:05,828 INFO: [finet..][epoch:2433, iter:  29,200, lr:(5.000e-05,)] [eta: 1:02:58, time (data): 1.460 (1.426)] l_pix: 3.9019e-02 
2025-03-25 07:39:14,045 INFO: [finet..][epoch:2441, iter:  29,300, lr:(5.000e-05,)] [eta: 1:00:43, time (data): 1.345 (1.310)] l_pix: 3.3807e-02 
2025-03-25 07:41:22,837 INFO: [finet..][epoch:2449, iter:  29,400, lr:(5.000e-05,)] [eta: 0:58:27, time (data): 1.194 (1.161)] l_pix: 3.0653e-02 
2025-03-25 07:43:47,695 INFO: [finet..][epoch:2458, iter:  29,500, lr:(5.000e-05,)] [eta: 0:56:13, time (data): 1.359 (1.324)] l_pix: 3.9515e-02 
2025-03-25 07:44:52,772 INFO: End of training. Time consumed: 11:05:09
2025-03-25 07:44:52,772 INFO: Save the latest model.
2025-03-25 07:44:54,539 INFO: Validation caratulas_val
	 # psnr: 21.5761	Best: 21.8008 @ 5000 iter

